1600 0.0000000000 0.0000000000 0.0000000000 0.0000000000 0.0000000000 0.0000000000 1000.0000000000 0.0000006250 0.0000000000 0.0000000000 357.1000000000
1601 0.0000125000 0.0000000000 0.0000000000 0.0000000000 0.0000000000 0.0000000000 1000.0000000000 0.0000006250 0.0000000000 0.0000000000 357.1000000000
1602 0.0000250000 0.0000000000 0.0000000000 0.0000000000 0.0000000000 0.0000000000 1000.0000000000 0.0000006250 0.0000000000 0.0000000000 357.1000000000
1603 0.0000375000 0.0000000000 0.0000000000 0.0000000000 0.0000000000 0.0000000000 1000.0000000000 0.0000006250 0.0000000000 0.0000000000 357.1000000000
1604 0.0000500000 0.0000000000 0.0000000000 0.0000000000 0.0000000000 0.0000000000 1000.0000000000 0.0000006250 0.0000000000 0.0000000000 357.1000000000
1605 0.0000625000 0.0000000000 0.0000000000 0.0000000000 0.0000000000 0.0000000000 1000.0000000000 0.0000006250 0.0000000000 0.0000000000 357.1000000000
1606 0.0000750000 0.0000000000 0.0000000000 0.0000000000 0.0000000000 0.0000000000 1000.0000000000 0.0000006250 0.0000000000 0.0000000000 357.1000000000
1607 0.0000875000 0.0000000000 0.0000000000 0.0000000000 0.0000000000 0.0000000000 1000.0000000000 0.0000006250 0.0000000000 0.0000000000 357.1000000000
1608 0.0001000000 0.0000000000 0.0000000000 0.0000000000 0.0000000000 0.0000000000 1000.0000000000 0.0000006250 0.0000000000 0.0000000000 357.1000000000
1609 0.0001125000 0.0000000000 0.0000000000 0.0000000000 0.0000000000 0.0000000000 1000.0000000000 0.0000006250 0.0000000000 0.0000000000 357.1000000000
1610 0.0001250000 0.0000000000 0.0000000000 0.0000000000 0.0000000000 0.0000000000 1000.0000000000 0.0000006250 0.0000000000 0.0000000000 357.1000000000
1611 0.0001375000 0.0000000000 0.0000000000 0.0000000000 0.0000000000 0.0000000000 1000.0000000000 0.0000006250 0.0000000000 0.0000000000 357.1000000000
1612 0.0001500000 0.0000000000 0.0000000000 0.0000000000 0.0000000000 0.0000000000 1000.0000000000 0.0000006250 0.0000000000 0.0000000000 357.1000000000
1613 0.0001625000 0.0000000000 0.0000000000 0.0000000000 0.0000000000 0.0000000000 1000.0000000000 0.0000006250 0.0000000000 0.0000000000 357.1000000000
1614 0.0001750000 0.0000000000 0.0000000000 0.0000000000 0.0000000000 0.0000000000 1000.0000000000 0.0000006250 0.0000000000 0.0000000000 357.1000000000
1615 0.0001875000 0.0000000000 0.0000000000 0.0000000000 0.0000000000 0.0000000000 1000.0000000000 0.0000006250 0.0000000000 0.0000000000 357.1000000000
1616 0.0002000000 0.0000000000 0.0000000000 0.0000000000 0.0000000000 0.0000000000 1000.0000000000 0.0000006250 0.0000000000 0.0000000000 357.1000000000
1617 0.0002125000 0.0000000000 0.0000000000 0.0000000000 0.0000000000 0.0000000000 1000.0000000000 0.0000006250 0.0000000000 0.0000000000 357.1000000000
1618 0.0002250000 0.0000000000 0.0000000000 0.0000000000 0.0000000000 0.0000000000 1000.0000000000 0.0000006250 0.0000000000 0.0000000000 357.1000000000
1619 0.0002375000 0.0000000000 0.0000000000 0.0000000000 0.0000000000 0.0000000000 1000.0000000000 0.0000006250 0.0000000000 0.0000000000 357.1000000000
1620 0.0002500000 0.0000000000 0.0000000000 0.0000000000 0.0000000000 0.0000000000 1000.0000000000 0.0000006250 0.0000000000 0.0000000000 357.1000000000
1621 0.0002625000 0.0000000000 0.0000000000 0.0000000000 0.0000000000 0.0000000000 1000.0000000000 0.0000006250 0.0000000000 0.0000000000 357.1000000000
1622 0.0002750000 0.0000000000 0.0000000000 0.0000000000 0.0000000000 0.0000000000 1000.0000000000 0.0000006250 0.0000000000 0.0000000000 357.1000000000
1623 0.0002875000 0.0000000000 0.0000000000 0.0000000000 0.0000000000 0.0000000000 1000.0000000000 0.0000006250 0.0000000000 0.0000000000 357.1000000000
1624 0.0003000000 0.0000000000 0.0000000000 0.0000000000 0.0000000000 0.0000000000 1000.0000000000 0.0000006250 0.0000000000 0.0000000000 357.1000000000
1625 0.0003125000 0.0000000000 0.0000000000 0.0000000000 0.0000000000 0.0000000000 1000.0000000000 0.0000006250 0.0000000000 0.0000000000 357.1000000000
1626 0.0003250000 0.0000000000 0.0000000000 0.0000000000 0.0000000000 0.0000000000 1000.0000000000 0.0000006250 0.0000000000 0.0000000000 357.1000000000
1627 0.0003375000 0.0000000000 0.0000000000 0.0000000000 0.0000000000 0.0000000000 1000.0000000000 0.0000006250 0.0000000000 0.0000000000 357.1000000000
1628 0.0003500000 0.0000000000 0.0000000000 0.0000000000 0.0000000000 0.0000000000 1000.0000000000 0.0000006250 0.0000000000 0.0000000000 357.1000000000
1629 0.0003625000 0.0000000000 0.0000000000 0.0000000000 0.0000000000 0.0000000000 1000.0000000000 0.0000006250 0.0000000000 0.0000000000 357.1000000000
1630 0.0003750000 0.0000000000 0.0000000000 0.0000000000 0.0000000000 0.0000000000 1000.0000000000 0.0000006250 0.0000000000 0.0000000000 357.1000000000
1631 0.0003875000 0.0000000000 0.0000000000 0.0000000000 0.0000000000 0.0000000000 1000.0000000000 0.0000006250 0.0000000000 0.0000000000 357.1000000000
1632 0.0004000000 0.0000000000 0.0000000000 0.0000000000 0.0000000000 0.0000000000 1000.0000000000 0.0000006250 0.0000000000 0.0000000000 357.1000000000
1633 0.0004125000 0.0000000000 0.0000000000 0.0000000000 0.0000000000 0.0000000000 1000.0000000000 0.0000006250 0.0000000000 0.0000000000 357.1000000000
1634 0.0004250000 0.0000000000 0.0000000000 0.0000000000 0.0000000000 0.0000000000 1000.0000000000 0.0000006250 0.0000000000 0.0000000000 357.1000000000
1635 0.0004375000 0.0000000000 0.0000000000 0.0000000000 0.0000000000 0.0000000000 1000.0000000000 0.0000006250 0.0000000000 0.0000000000 357.1000000000
1636 0.0004500000 0.0000000000 0.0000000000 0.0000000000 0.0000000000 0.0000000000 1000.0000000000 0.0000006250 0.0000000000 0.0000000000 357.1000000000
1637 0.0004625000 0.0000000000 0.0000000000 0.0000000000 0.0000000000 0.0000000000 1000.0000000000 0.0000006250 0.0000000000 0.0000000000 357.1000000000
1638 0.0004750000 0.0000000000 0.0000000000 0.0000000000 0.0000000000 0.0000000000 1000.0000000000 0.0000006250 0.0000000000 0.0000000000 357.1000000000
1639 0.0004875000 0.0000000000 0.0000000000 0.0000000000 0.0000000000 0.0000000000 1000.0000000000 0.0000006250 0.0000000000 0.0000000000 357.1000000000
1640 0.0005000000 0.0000000000 0.0000000000 0.0000000000 0.0000000000 0.0000000000 1000.0000000000 0.0000006250 0.0000000000 0.0000000000 357.1000000000
1641 0.0005125000 0.0000000000 0.0000000000 0.0000000000 0.0000000000 0.0000000000 1000.0000000000 0.0000006250 0.0000000000 0.0000000000 357.1000000000
1642 0.0005250000 0.0000000000 0.0000000000 0.0000000000 0.0000000000 0.0000000000 1000.0000000000 0.0000006250 0.0000000000 0.0000000000 357.1000000000
1643 0.0005375000 0.0000000000 0.0000000000 0.0000000000 0.0000000000 0.0000000000 1000.0000000000 0.0000006250 0.0000000000 0.0000000000 357.1000000000
1644 0.0005500000 0.0000000000 0.0000000000 0.0000000000 0.0000000000 0.0000000000 1000.0000000000 0.0000006250 0.0000000000 0.0000000000 357.1000000000
1645 0.0005625000 0.0000000000 0.0000000000 0.0000000000 0.0000000000 0.0000000000 1000.0000000000 0.0000006250 0.0000000000 0.0000000000 357.1000000000
1646 0.0005750000 0.0000000000 0.0000000000 0.0000000000 0.0000000000 0.0000000000 1000.0000000000 0.0000006250 0.0000000000 0.0000000000 357.1000000000
1647 0.0005875000 0.0000000000 0.0000000000 0.0000000000 0.0000000000 0.0000000000 1000.0000000000 0.0000006250 0.0000000000 0.0000000000 357.1000000000
1648 0.0006000000 0.0000000000 0.0000000000 0.0000000000 0.0000000000 0.0000000000 1000.0000000000 0.0000006250 0.0000000000 0.0000000000 357.1000000000
1649 0.0006125000 0.0000000000 0.0000000000 0.0000000000 0.0000000000 0.0000000000 1000.0000000000 0.0000006250 0.0000000000 0.0000000000 357.1000000000
1650 0.0006250000 0.0000000000 0.0000000000 0.0000000000 0.0000000000 0.0000000000 1000.0000000000 0.0000006250 0.0000000000 0.0000000000 357.1000000000
1651 0.0006375000 0.0000000000 0.0000000000 0.0000000000 0.0000000000 0.0000000000 1000.0000000000 0.0000006250 0.0000000000 0.0000000000 357.1000000000
1652 0.0006500000 0.0000000000 0.0000000000 0.0000000000 0.0000000000 0.0000000000 1000.0000000000 0.0000006250 0.0000000000 0.0000000000 357.1000000000
1653 0.0006625000 0.0000000000 0.0000000000 0.0000000000 0.0000000000 0.0000000000 1000.0000000000 0.0000006250 0.0000000000 0.0000000000 357.1000000000
1654 0.0006750000 0.0000000000 0.0000000000 0.0000000000 0.0000000000 0.0000000000 1000.0000000000 0.0000006250 0.0000000000 0.0000000000 357.1000000000
1655 0.0006875000 0.0000000000 0.0000000000 0.0000000000 0.0000000000 0.0000000000 1000.0000000000 0.0000006250 0.0000000000 0.0000000000 357.1000000000
1656 0.0007000000 0.0000000000 0.0000000000 0.0000000000 0.0000000000 0.0000000000 1000.0000000000 0.0000006250 0.0000000000 0.0000000000 357.1000000000
1657 0.0007125000 0.0000000000 0.0000000000 0.0000000000 0.0000000000 0.0000000000 1000.0000000000 0.0000006250 0.0000000000 0.0000000000 357.1000000000
1658 0.0007250000 0.0000000000 0.0000000000 0.0000000000 0.0000000000 0.0000000000 1000.0000000000 0.0000006250 0.0000000000 0.0000000000 357.1000000000
1659 0.0007375000 0.0000000000 0.0000000000 0.0000000000 0.0000000000 0.0000000000 1000.0000000000 0.0000006250 0.0000000000 0.0000000000 357.1000000000
1660 0.0007500000 0.0000000000 0.0000000000 0.0000000000 0.0000000000 0.0000000000 1000.0000000000 0.0000006250 0.0000000000 0.0000000000 357.1000000000
1661 0.0007625000 0.0000000000 0.0000000000 0.0000000000 0.0000000000 0.0000000000 1000.0000000000 0.0000006250 0.0000000000 0.0000000000 357.1000000000
1662 0.0007750000 0.0000000000 0.0000000000 0.0000000000 0.0000000000 0.0000000000 1000.0000000000 0.0000006250 0.0000000000 0.0000000000 357.1000000000
1663 0.0007875000 0.0000000000 0.0000000000 0.0000000000 0.0000000000 0.0000000000 1000.0000000000 0.0000006250 0.0000000000 0.0000000000 357.1000000000
1664 0.0008000000 0.0000000000 0.0000000000 0.0000000000 0.0000000000 0.0000000000 1000.0000000000 0.0000006250 0.0000000000 0.0000000000 357.1000000000
1665 0.0008125000 0.0000000000 0.0000000000 0.0000000000 0.0000000000 0.0000000000 1000.0000000000 0.0000006250 0.0000000000 0.0000000000 357.1000000000
1666 0.0008250000 0.0000000000 0.0000000000 0.0000000000 0.0000000000 0.0000000000 1000.0000000000 0.0000006250 0.0000000000 0.0000000000 357.1000000000
1667 0.0008375000 0.0000000000 0.0000000000 0.0000000000 0.0000000000 0.0000000000 1000.0000000000 0.0000006250 0.0000000000 0.0000000000 357.1000000000
1668 0.0008500000 0.0000000000 0.0000000000 0.0000000000 0.0000000000 0.0000000000 1000.0000000000 0.0000006250 0.0000000000 0.0000000000 357.1000000000
1669 0.0008625000 0.0000000000 0.0000000000 0.0000000000 0.0000000000 0.0000000000 1000.0000000000 0.0000006250 0.0000000000 0.0000000000 357.1000000000
1670 0.0008750000 0.0000000000 0.0000000000 0.0000000000 0.0000000000 0.0000000000 1000.0000000000 0.0000006250 0.0000000000 0.0000000000 357.1000000000
1671 0.0008875000 0.0000000000 0.0000000000 0.0000000000 0.0000000000 0.0000000000 1000.0000000000 0.0000006250 0.0000000000 0.0000000000 357.1000000000
1672 0.0009000000 0.0000000000 0.0000000000 0.0000000000 0.0000000000 0.0000000000 1000.0000000000 0.0000006250 0.0000000000 0.0000000000 357.1000000000
1673 0.0009125000 0.0000000000 0.0000000000 0.0000000000 0.0000000000 0.0000000000 1000.0000000000 0.0000006250 0.0000000000 0.0000000000 357.1000000000
1674 0.0009250000 0.0000000000 0.0000000000 0.0000000000 0.0000000000 0.0000000000 1000.0000000000 0.0000006250 0.0000000000 0.0000000000 357.1000000000
1675 0.0009375000 0.0000000000 0.0000000000 0.0000000000 0.0000000000 0.0000000000 1000.0000000000 0.0000006250 0.0000000000 0.0000000000 357.1000000000
1676 0.0009500000 0.0000000000 0.0000000000 0.0000000000 0.0000000000 0.0000000000 1000.0000000000 0.0000006250 0.0000000000 0.0000000000 357.1000000000
1677 0.0009625000 0.0000000000 0.0000000000 0.0000000000 0.0000000000 0.0000000000 1000.0000000000 0.0000006250 0.0000000000 0.0000000000 357.1000000000
1678 0.0009750000 0.0000000000 0.0000000000 0.0000000000 0.0000000000 0.0000000000 1000.0000000000 0.0000006250 0.0000000000 0.0000000000 357.1000000000
1679 0.0009875000 0.0000000000 0.0000000000 0.0000000000 0.0000000000 0.0000000000 1000.0000000000 0.0000006250 0.0000000000 0.0000000000 357.1000000000
1680 0.0010000000 0.0000000000 0.0000000000 0.0000000000 0.0000000000 0.0000000000 1000.0000000000 0.0000006250 0.0000000000 0.0000000000 357.1000000000
