1841 0.0000000000 0.0000125000 0.0000000000 0.0000000000 0.0000000000 0.0000000000 1000.0000000000 0.0000006250 0.0000000000 0.0000000000 357.1000000000
1842 0.0000000000 0.0000250000 0.0000000000 0.0000000000 0.0000000000 0.0000000000 1000.0000000000 0.0000006250 0.0000000000 0.0000000000 357.1000000000
1843 0.0000000000 0.0000375000 0.0000000000 0.0000000000 0.0000000000 0.0000000000 1000.0000000000 0.0000006250 0.0000000000 0.0000000000 357.1000000000
1844 0.0000000000 0.0000500000 0.0000000000 0.0000000000 0.0000000000 0.0000000000 1000.0000000000 0.0000006250 0.0000000000 0.0000000000 357.1000000000
1845 0.0000000000 0.0000625000 0.0000000000 0.0000000000 0.0000000000 0.0000000000 1000.0000000000 0.0000006250 0.0000000000 0.0000000000 357.1000000000
1846 0.0000000000 0.0000750000 0.0000000000 0.0000000000 0.0000000000 0.0000000000 1000.0000000000 0.0000006250 0.0000000000 0.0000000000 357.1000000000
1847 0.0000000000 0.0000875000 0.0000000000 0.0000000000 0.0000000000 0.0000000000 1000.0000000000 0.0000006250 0.0000000000 0.0000000000 357.1000000000
1848 0.0000000000 0.0001000000 0.0000000000 0.0000000000 0.0000000000 0.0000000000 1000.0000000000 0.0000006250 0.0000000000 0.0000000000 357.1000000000
1849 0.0000000000 0.0001125000 0.0000000000 0.0000000000 0.0000000000 0.0000000000 1000.0000000000 0.0000006250 0.0000000000 0.0000000000 357.1000000000
1850 0.0000000000 0.0001250000 0.0000000000 0.0000000000 0.0000000000 0.0000000000 1000.0000000000 0.0000006250 0.0000000000 0.0000000000 357.1000000000
1851 0.0000000000 0.0001375000 0.0000000000 0.0000000000 0.0000000000 0.0000000000 1000.0000000000 0.0000006250 0.0000000000 0.0000000000 357.1000000000
1852 0.0000000000 0.0001500000 0.0000000000 0.0000000000 0.0000000000 0.0000000000 1000.0000000000 0.0000006250 0.0000000000 0.0000000000 357.1000000000
1853 0.0000000000 0.0001625000 0.0000000000 0.0000000000 0.0000000000 0.0000000000 1000.0000000000 0.0000006250 0.0000000000 0.0000000000 357.1000000000
1854 0.0000000000 0.0001750000 0.0000000000 0.0000000000 0.0000000000 0.0000000000 1000.0000000000 0.0000006250 0.0000000000 0.0000000000 357.1000000000
1855 0.0000000000 0.0001875000 0.0000000000 0.0000000000 0.0000000000 0.0000000000 1000.0000000000 0.0000006250 0.0000000000 0.0000000000 357.1000000000
1856 0.0000000000 0.0002000000 0.0000000000 0.0000000000 0.0000000000 0.0000000000 1000.0000000000 0.0000006250 0.0000000000 0.0000000000 357.1000000000
1857 0.0000000000 0.0002125000 0.0000000000 0.0000000000 0.0000000000 0.0000000000 1000.0000000000 0.0000006250 0.0000000000 0.0000000000 357.1000000000
1858 0.0000000000 0.0002250000 0.0000000000 0.0000000000 0.0000000000 0.0000000000 1000.0000000000 0.0000006250 0.0000000000 0.0000000000 357.1000000000
1859 0.0000000000 0.0002375000 0.0000000000 0.0000000000 0.0000000000 0.0000000000 1000.0000000000 0.0000006250 0.0000000000 0.0000000000 357.1000000000
1860 0.0000000000 0.0002500000 0.0000000000 0.0000000000 0.0000000000 0.0000000000 1000.0000000000 0.0000006250 0.0000000000 0.0000000000 357.1000000000
1861 0.0000000000 0.0002625000 0.0000000000 0.0000000000 0.0000000000 0.0000000000 1000.0000000000 0.0000006250 0.0000000000 0.0000000000 357.1000000000
1862 0.0000000000 0.0002750000 0.0000000000 0.0000000000 0.0000000000 0.0000000000 1000.0000000000 0.0000006250 0.0000000000 0.0000000000 357.1000000000
1863 0.0000000000 0.0002875000 0.0000000000 0.0000000000 0.0000000000 0.0000000000 1000.0000000000 0.0000006250 0.0000000000 0.0000000000 357.1000000000
1864 0.0000000000 0.0003000000 0.0000000000 0.0000000000 0.0000000000 0.0000000000 1000.0000000000 0.0000006250 0.0000000000 0.0000000000 357.1000000000
1865 0.0000000000 0.0003125000 0.0000000000 0.0000000000 0.0000000000 0.0000000000 1000.0000000000 0.0000006250 0.0000000000 0.0000000000 357.1000000000
1866 0.0000000000 0.0003250000 0.0000000000 0.0000000000 0.0000000000 0.0000000000 1000.0000000000 0.0000006250 0.0000000000 0.0000000000 357.1000000000
1867 0.0000000000 0.0003375000 0.0000000000 0.0000000000 0.0000000000 0.0000000000 1000.0000000000 0.0000006250 0.0000000000 0.0000000000 357.1000000000
1868 0.0000000000 0.0003500000 0.0000000000 0.0000000000 0.0000000000 0.0000000000 1000.0000000000 0.0000006250 0.0000000000 0.0000000000 357.1000000000
1869 0.0000000000 0.0003625000 0.0000000000 0.0000000000 0.0000000000 0.0000000000 1000.0000000000 0.0000006250 0.0000000000 0.0000000000 357.1000000000
1870 0.0000000000 0.0003750000 0.0000000000 0.0000000000 0.0000000000 0.0000000000 1000.0000000000 0.0000006250 0.0000000000 0.0000000000 357.1000000000
1871 0.0000000000 0.0003875000 0.0000000000 0.0000000000 0.0000000000 0.0000000000 1000.0000000000 0.0000006250 0.0000000000 0.0000000000 357.1000000000
1872 0.0000000000 0.0004000000 0.0000000000 0.0000000000 0.0000000000 0.0000000000 1000.0000000000 0.0000006250 0.0000000000 0.0000000000 357.1000000000
1873 0.0000000000 0.0004125000 0.0000000000 0.0000000000 0.0000000000 0.0000000000 1000.0000000000 0.0000006250 0.0000000000 0.0000000000 357.1000000000
1874 0.0000000000 0.0004250000 0.0000000000 0.0000000000 0.0000000000 0.0000000000 1000.0000000000 0.0000006250 0.0000000000 0.0000000000 357.1000000000
1875 0.0000000000 0.0004375000 0.0000000000 0.0000000000 0.0000000000 0.0000000000 1000.0000000000 0.0000006250 0.0000000000 0.0000000000 357.1000000000
1876 0.0000000000 0.0004500000 0.0000000000 0.0000000000 0.0000000000 0.0000000000 1000.0000000000 0.0000006250 0.0000000000 0.0000000000 357.1000000000
1877 0.0000000000 0.0004625000 0.0000000000 0.0000000000 0.0000000000 0.0000000000 1000.0000000000 0.0000006250 0.0000000000 0.0000000000 357.1000000000
1878 0.0000000000 0.0004750000 0.0000000000 0.0000000000 0.0000000000 0.0000000000 1000.0000000000 0.0000006250 0.0000000000 0.0000000000 357.1000000000
1879 0.0000000000 0.0004875000 0.0000000000 0.0000000000 0.0000000000 0.0000000000 1000.0000000000 0.0000006250 0.0000000000 0.0000000000 357.1000000000
1880 0.0000000000 0.0005000000 0.0000000000 0.0000000000 0.0000000000 0.0000000000 1000.0000000000 0.0000006250 0.0000000000 0.0000000000 357.1000000000
1881 0.0000000000 0.0005125000 0.0000000000 0.0000000000 0.0000000000 0.0000000000 1000.0000000000 0.0000006250 0.0000000000 0.0000000000 357.1000000000
1882 0.0000000000 0.0005250000 0.0000000000 0.0000000000 0.0000000000 0.0000000000 1000.0000000000 0.0000006250 0.0000000000 0.0000000000 357.1000000000
1883 0.0000000000 0.0005375000 0.0000000000 0.0000000000 0.0000000000 0.0000000000 1000.0000000000 0.0000006250 0.0000000000 0.0000000000 357.1000000000
1884 0.0000000000 0.0005500000 0.0000000000 0.0000000000 0.0000000000 0.0000000000 1000.0000000000 0.0000006250 0.0000000000 0.0000000000 357.1000000000
1885 0.0000000000 0.0005625000 0.0000000000 0.0000000000 0.0000000000 0.0000000000 1000.0000000000 0.0000006250 0.0000000000 0.0000000000 357.1000000000
1886 0.0000000000 0.0005750000 0.0000000000 0.0000000000 0.0000000000 0.0000000000 1000.0000000000 0.0000006250 0.0000000000 0.0000000000 357.1000000000
1887 0.0000000000 0.0005875000 0.0000000000 0.0000000000 0.0000000000 0.0000000000 1000.0000000000 0.0000006250 0.0000000000 0.0000000000 357.1000000000
1888 0.0000000000 0.0006000000 0.0000000000 0.0000000000 0.0000000000 0.0000000000 1000.0000000000 0.0000006250 0.0000000000 0.0000000000 357.1000000000
1889 0.0000000000 0.0006125000 0.0000000000 0.0000000000 0.0000000000 0.0000000000 1000.0000000000 0.0000006250 0.0000000000 0.0000000000 357.1000000000
1890 0.0000000000 0.0006250000 0.0000000000 0.0000000000 0.0000000000 0.0000000000 1000.0000000000 0.0000006250 0.0000000000 0.0000000000 357.1000000000
1891 0.0000000000 0.0006375000 0.0000000000 0.0000000000 0.0000000000 0.0000000000 1000.0000000000 0.0000006250 0.0000000000 0.0000000000 357.1000000000
1892 0.0000000000 0.0006500000 0.0000000000 0.0000000000 0.0000000000 0.0000000000 1000.0000000000 0.0000006250 0.0000000000 0.0000000000 357.1000000000
1893 0.0000000000 0.0006625000 0.0000000000 0.0000000000 0.0000000000 0.0000000000 1000.0000000000 0.0000006250 0.0000000000 0.0000000000 357.1000000000
1894 0.0000000000 0.0006750000 0.0000000000 0.0000000000 0.0000000000 0.0000000000 1000.0000000000 0.0000006250 0.0000000000 0.0000000000 357.1000000000
1895 0.0000000000 0.0006875000 0.0000000000 0.0000000000 0.0000000000 0.0000000000 1000.0000000000 0.0000006250 0.0000000000 0.0000000000 357.1000000000
1896 0.0000000000 0.0007000000 0.0000000000 0.0000000000 0.0000000000 0.0000000000 1000.0000000000 0.0000006250 0.0000000000 0.0000000000 357.1000000000
1897 0.0000000000 0.0007125000 0.0000000000 0.0000000000 0.0000000000 0.0000000000 1000.0000000000 0.0000006250 0.0000000000 0.0000000000 357.1000000000
1898 0.0000000000 0.0007250000 0.0000000000 0.0000000000 0.0000000000 0.0000000000 1000.0000000000 0.0000006250 0.0000000000 0.0000000000 357.1000000000
1899 0.0000000000 0.0007375000 0.0000000000 0.0000000000 0.0000000000 0.0000000000 1000.0000000000 0.0000006250 0.0000000000 0.0000000000 357.1000000000
1900 0.0000000000 0.0007500000 0.0000000000 0.0000000000 0.0000000000 0.0000000000 1000.0000000000 0.0000006250 0.0000000000 0.0000000000 357.1000000000
1901 0.0000000000 0.0007625000 0.0000000000 0.0000000000 0.0000000000 0.0000000000 1000.0000000000 0.0000006250 0.0000000000 0.0000000000 357.1000000000
1902 0.0000000000 0.0007750000 0.0000000000 0.0000000000 0.0000000000 0.0000000000 1000.0000000000 0.0000006250 0.0000000000 0.0000000000 357.1000000000
1903 0.0000000000 0.0007875000 0.0000000000 0.0000000000 0.0000000000 0.0000000000 1000.0000000000 0.0000006250 0.0000000000 0.0000000000 357.1000000000
1904 0.0000000000 0.0008000000 0.0000000000 0.0000000000 0.0000000000 0.0000000000 1000.0000000000 0.0000006250 0.0000000000 0.0000000000 357.1000000000
1905 0.0000000000 0.0008125000 0.0000000000 0.0000000000 0.0000000000 0.0000000000 1000.0000000000 0.0000006250 0.0000000000 0.0000000000 357.1000000000
1906 0.0000000000 0.0008250000 0.0000000000 0.0000000000 0.0000000000 0.0000000000 1000.0000000000 0.0000006250 0.0000000000 0.0000000000 357.1000000000
1907 0.0000000000 0.0008375000 0.0000000000 0.0000000000 0.0000000000 0.0000000000 1000.0000000000 0.0000006250 0.0000000000 0.0000000000 357.1000000000
1908 0.0000000000 0.0008500000 0.0000000000 0.0000000000 0.0000000000 0.0000000000 1000.0000000000 0.0000006250 0.0000000000 0.0000000000 357.1000000000
1909 0.0000000000 0.0008625000 0.0000000000 0.0000000000 0.0000000000 0.0000000000 1000.0000000000 0.0000006250 0.0000000000 0.0000000000 357.1000000000
1910 0.0000000000 0.0008750000 0.0000000000 0.0000000000 0.0000000000 0.0000000000 1000.0000000000 0.0000006250 0.0000000000 0.0000000000 357.1000000000
1911 0.0000000000 0.0008875000 0.0000000000 0.0000000000 0.0000000000 0.0000000000 1000.0000000000 0.0000006250 0.0000000000 0.0000000000 357.1000000000
1912 0.0000000000 0.0009000000 0.0000000000 0.0000000000 0.0000000000 0.0000000000 1000.0000000000 0.0000006250 0.0000000000 0.0000000000 357.1000000000
1913 0.0000000000 0.0009125000 0.0000000000 0.0000000000 0.0000000000 0.0000000000 1000.0000000000 0.0000006250 0.0000000000 0.0000000000 357.1000000000
1914 0.0000000000 0.0009250000 0.0000000000 0.0000000000 0.0000000000 0.0000000000 1000.0000000000 0.0000006250 0.0000000000 0.0000000000 357.1000000000
1915 0.0000000000 0.0009375000 0.0000000000 0.0000000000 0.0000000000 0.0000000000 1000.0000000000 0.0000006250 0.0000000000 0.0000000000 357.1000000000
1916 0.0000000000 0.0009500000 0.0000000000 0.0000000000 0.0000000000 0.0000000000 1000.0000000000 0.0000006250 0.0000000000 0.0000000000 357.1000000000
1917 0.0000000000 0.0009625000 0.0000000000 0.0000000000 0.0000000000 0.0000000000 1000.0000000000 0.0000006250 0.0000000000 0.0000000000 357.1000000000
1918 0.0000000000 0.0009750000 0.0000000000 0.0000000000 0.0000000000 0.0000000000 1000.0000000000 0.0000006250 0.0000000000 0.0000000000 357.1000000000
1919 0.0000000000 0.0009875000 0.0000000000 0.0000000000 0.0000000000 0.0000000000 1000.0000000000 0.0000006250 0.0000000000 0.0000000000 357.1000000000
