1681 0.0010000000 0.0000125000 0.0000000000 0.0000000000 0.0000000000 0.0000000000 1000.0000000000 0.0000006250 0.0000000000 0.0000000000 357.1000000000
1682 0.0010000000 0.0000250000 0.0000000000 0.0000000000 0.0000000000 0.0000000000 1000.0000000000 0.0000006250 0.0000000000 0.0000000000 357.1000000000
1683 0.0010000000 0.0000375000 0.0000000000 0.0000000000 0.0000000000 0.0000000000 1000.0000000000 0.0000006250 0.0000000000 0.0000000000 357.1000000000
1684 0.0010000000 0.0000500000 0.0000000000 0.0000000000 0.0000000000 0.0000000000 1000.0000000000 0.0000006250 0.0000000000 0.0000000000 357.1000000000
1685 0.0010000000 0.0000625000 0.0000000000 0.0000000000 0.0000000000 0.0000000000 1000.0000000000 0.0000006250 0.0000000000 0.0000000000 357.1000000000
1686 0.0010000000 0.0000750000 0.0000000000 0.0000000000 0.0000000000 0.0000000000 1000.0000000000 0.0000006250 0.0000000000 0.0000000000 357.1000000000
1687 0.0010000000 0.0000875000 0.0000000000 0.0000000000 0.0000000000 0.0000000000 1000.0000000000 0.0000006250 0.0000000000 0.0000000000 357.1000000000
1688 0.0010000000 0.0001000000 0.0000000000 0.0000000000 0.0000000000 0.0000000000 1000.0000000000 0.0000006250 0.0000000000 0.0000000000 357.1000000000
1689 0.0010000000 0.0001125000 0.0000000000 0.0000000000 0.0000000000 0.0000000000 1000.0000000000 0.0000006250 0.0000000000 0.0000000000 357.1000000000
1690 0.0010000000 0.0001250000 0.0000000000 0.0000000000 0.0000000000 0.0000000000 1000.0000000000 0.0000006250 0.0000000000 0.0000000000 357.1000000000
1691 0.0010000000 0.0001375000 0.0000000000 0.0000000000 0.0000000000 0.0000000000 1000.0000000000 0.0000006250 0.0000000000 0.0000000000 357.1000000000
1692 0.0010000000 0.0001500000 0.0000000000 0.0000000000 0.0000000000 0.0000000000 1000.0000000000 0.0000006250 0.0000000000 0.0000000000 357.1000000000
1693 0.0010000000 0.0001625000 0.0000000000 0.0000000000 0.0000000000 0.0000000000 1000.0000000000 0.0000006250 0.0000000000 0.0000000000 357.1000000000
1694 0.0010000000 0.0001750000 0.0000000000 0.0000000000 0.0000000000 0.0000000000 1000.0000000000 0.0000006250 0.0000000000 0.0000000000 357.1000000000
1695 0.0010000000 0.0001875000 0.0000000000 0.0000000000 0.0000000000 0.0000000000 1000.0000000000 0.0000006250 0.0000000000 0.0000000000 357.1000000000
1696 0.0010000000 0.0002000000 0.0000000000 0.0000000000 0.0000000000 0.0000000000 1000.0000000000 0.0000006250 0.0000000000 0.0000000000 357.1000000000
1697 0.0010000000 0.0002125000 0.0000000000 0.0000000000 0.0000000000 0.0000000000 1000.0000000000 0.0000006250 0.0000000000 0.0000000000 357.1000000000
1698 0.0010000000 0.0002250000 0.0000000000 0.0000000000 0.0000000000 0.0000000000 1000.0000000000 0.0000006250 0.0000000000 0.0000000000 357.1000000000
1699 0.0010000000 0.0002375000 0.0000000000 0.0000000000 0.0000000000 0.0000000000 1000.0000000000 0.0000006250 0.0000000000 0.0000000000 357.1000000000
1700 0.0010000000 0.0002500000 0.0000000000 0.0000000000 0.0000000000 0.0000000000 1000.0000000000 0.0000006250 0.0000000000 0.0000000000 357.1000000000
1701 0.0010000000 0.0002625000 0.0000000000 0.0000000000 0.0000000000 0.0000000000 1000.0000000000 0.0000006250 0.0000000000 0.0000000000 357.1000000000
1702 0.0010000000 0.0002750000 0.0000000000 0.0000000000 0.0000000000 0.0000000000 1000.0000000000 0.0000006250 0.0000000000 0.0000000000 357.1000000000
1703 0.0010000000 0.0002875000 0.0000000000 0.0000000000 0.0000000000 0.0000000000 1000.0000000000 0.0000006250 0.0000000000 0.0000000000 357.1000000000
1704 0.0010000000 0.0003000000 0.0000000000 0.0000000000 0.0000000000 0.0000000000 1000.0000000000 0.0000006250 0.0000000000 0.0000000000 357.1000000000
1705 0.0010000000 0.0003125000 0.0000000000 0.0000000000 0.0000000000 0.0000000000 1000.0000000000 0.0000006250 0.0000000000 0.0000000000 357.1000000000
1706 0.0010000000 0.0003250000 0.0000000000 0.0000000000 0.0000000000 0.0000000000 1000.0000000000 0.0000006250 0.0000000000 0.0000000000 357.1000000000
1707 0.0010000000 0.0003375000 0.0000000000 0.0000000000 0.0000000000 0.0000000000 1000.0000000000 0.0000006250 0.0000000000 0.0000000000 357.1000000000
1708 0.0010000000 0.0003500000 0.0000000000 0.0000000000 0.0000000000 0.0000000000 1000.0000000000 0.0000006250 0.0000000000 0.0000000000 357.1000000000
1709 0.0010000000 0.0003625000 0.0000000000 0.0000000000 0.0000000000 0.0000000000 1000.0000000000 0.0000006250 0.0000000000 0.0000000000 357.1000000000
1710 0.0010000000 0.0003750000 0.0000000000 0.0000000000 0.0000000000 0.0000000000 1000.0000000000 0.0000006250 0.0000000000 0.0000000000 357.1000000000
1711 0.0010000000 0.0003875000 0.0000000000 0.0000000000 0.0000000000 0.0000000000 1000.0000000000 0.0000006250 0.0000000000 0.0000000000 357.1000000000
1712 0.0010000000 0.0004000000 0.0000000000 0.0000000000 0.0000000000 0.0000000000 1000.0000000000 0.0000006250 0.0000000000 0.0000000000 357.1000000000
1713 0.0010000000 0.0004125000 0.0000000000 0.0000000000 0.0000000000 0.0000000000 1000.0000000000 0.0000006250 0.0000000000 0.0000000000 357.1000000000
1714 0.0010000000 0.0004250000 0.0000000000 0.0000000000 0.0000000000 0.0000000000 1000.0000000000 0.0000006250 0.0000000000 0.0000000000 357.1000000000
1715 0.0010000000 0.0004375000 0.0000000000 0.0000000000 0.0000000000 0.0000000000 1000.0000000000 0.0000006250 0.0000000000 0.0000000000 357.1000000000
1716 0.0010000000 0.0004500000 0.0000000000 0.0000000000 0.0000000000 0.0000000000 1000.0000000000 0.0000006250 0.0000000000 0.0000000000 357.1000000000
1717 0.0010000000 0.0004625000 0.0000000000 0.0000000000 0.0000000000 0.0000000000 1000.0000000000 0.0000006250 0.0000000000 0.0000000000 357.1000000000
1718 0.0010000000 0.0004750000 0.0000000000 0.0000000000 0.0000000000 0.0000000000 1000.0000000000 0.0000006250 0.0000000000 0.0000000000 357.1000000000
1719 0.0010000000 0.0004875000 0.0000000000 0.0000000000 0.0000000000 0.0000000000 1000.0000000000 0.0000006250 0.0000000000 0.0000000000 357.1000000000
1720 0.0010000000 0.0005000000 0.0000000000 0.0000000000 0.0000000000 0.0000000000 1000.0000000000 0.0000006250 0.0000000000 0.0000000000 357.1000000000
1721 0.0010000000 0.0005125000 0.0000000000 0.0000000000 0.0000000000 0.0000000000 1000.0000000000 0.0000006250 0.0000000000 0.0000000000 357.1000000000
1722 0.0010000000 0.0005250000 0.0000000000 0.0000000000 0.0000000000 0.0000000000 1000.0000000000 0.0000006250 0.0000000000 0.0000000000 357.1000000000
1723 0.0010000000 0.0005375000 0.0000000000 0.0000000000 0.0000000000 0.0000000000 1000.0000000000 0.0000006250 0.0000000000 0.0000000000 357.1000000000
1724 0.0010000000 0.0005500000 0.0000000000 0.0000000000 0.0000000000 0.0000000000 1000.0000000000 0.0000006250 0.0000000000 0.0000000000 357.1000000000
1725 0.0010000000 0.0005625000 0.0000000000 0.0000000000 0.0000000000 0.0000000000 1000.0000000000 0.0000006250 0.0000000000 0.0000000000 357.1000000000
1726 0.0010000000 0.0005750000 0.0000000000 0.0000000000 0.0000000000 0.0000000000 1000.0000000000 0.0000006250 0.0000000000 0.0000000000 357.1000000000
1727 0.0010000000 0.0005875000 0.0000000000 0.0000000000 0.0000000000 0.0000000000 1000.0000000000 0.0000006250 0.0000000000 0.0000000000 357.1000000000
1728 0.0010000000 0.0006000000 0.0000000000 0.0000000000 0.0000000000 0.0000000000 1000.0000000000 0.0000006250 0.0000000000 0.0000000000 357.1000000000
1729 0.0010000000 0.0006125000 0.0000000000 0.0000000000 0.0000000000 0.0000000000 1000.0000000000 0.0000006250 0.0000000000 0.0000000000 357.1000000000
1730 0.0010000000 0.0006250000 0.0000000000 0.0000000000 0.0000000000 0.0000000000 1000.0000000000 0.0000006250 0.0000000000 0.0000000000 357.1000000000
1731 0.0010000000 0.0006375000 0.0000000000 0.0000000000 0.0000000000 0.0000000000 1000.0000000000 0.0000006250 0.0000000000 0.0000000000 357.1000000000
1732 0.0010000000 0.0006500000 0.0000000000 0.0000000000 0.0000000000 0.0000000000 1000.0000000000 0.0000006250 0.0000000000 0.0000000000 357.1000000000
1733 0.0010000000 0.0006625000 0.0000000000 0.0000000000 0.0000000000 0.0000000000 1000.0000000000 0.0000006250 0.0000000000 0.0000000000 357.1000000000
1734 0.0010000000 0.0006750000 0.0000000000 0.0000000000 0.0000000000 0.0000000000 1000.0000000000 0.0000006250 0.0000000000 0.0000000000 357.1000000000
1735 0.0010000000 0.0006875000 0.0000000000 0.0000000000 0.0000000000 0.0000000000 1000.0000000000 0.0000006250 0.0000000000 0.0000000000 357.1000000000
1736 0.0010000000 0.0007000000 0.0000000000 0.0000000000 0.0000000000 0.0000000000 1000.0000000000 0.0000006250 0.0000000000 0.0000000000 357.1000000000
1737 0.0010000000 0.0007125000 0.0000000000 0.0000000000 0.0000000000 0.0000000000 1000.0000000000 0.0000006250 0.0000000000 0.0000000000 357.1000000000
1738 0.0010000000 0.0007250000 0.0000000000 0.0000000000 0.0000000000 0.0000000000 1000.0000000000 0.0000006250 0.0000000000 0.0000000000 357.1000000000
1739 0.0010000000 0.0007375000 0.0000000000 0.0000000000 0.0000000000 0.0000000000 1000.0000000000 0.0000006250 0.0000000000 0.0000000000 357.1000000000
1740 0.0010000000 0.0007500000 0.0000000000 0.0000000000 0.0000000000 0.0000000000 1000.0000000000 0.0000006250 0.0000000000 0.0000000000 357.1000000000
1741 0.0010000000 0.0007625000 0.0000000000 0.0000000000 0.0000000000 0.0000000000 1000.0000000000 0.0000006250 0.0000000000 0.0000000000 357.1000000000
1742 0.0010000000 0.0007750000 0.0000000000 0.0000000000 0.0000000000 0.0000000000 1000.0000000000 0.0000006250 0.0000000000 0.0000000000 357.1000000000
1743 0.0010000000 0.0007875000 0.0000000000 0.0000000000 0.0000000000 0.0000000000 1000.0000000000 0.0000006250 0.0000000000 0.0000000000 357.1000000000
1744 0.0010000000 0.0008000000 0.0000000000 0.0000000000 0.0000000000 0.0000000000 1000.0000000000 0.0000006250 0.0000000000 0.0000000000 357.1000000000
1745 0.0010000000 0.0008125000 0.0000000000 0.0000000000 0.0000000000 0.0000000000 1000.0000000000 0.0000006250 0.0000000000 0.0000000000 357.1000000000
1746 0.0010000000 0.0008250000 0.0000000000 0.0000000000 0.0000000000 0.0000000000 1000.0000000000 0.0000006250 0.0000000000 0.0000000000 357.1000000000
1747 0.0010000000 0.0008375000 0.0000000000 0.0000000000 0.0000000000 0.0000000000 1000.0000000000 0.0000006250 0.0000000000 0.0000000000 357.1000000000
1748 0.0010000000 0.0008500000 0.0000000000 0.0000000000 0.0000000000 0.0000000000 1000.0000000000 0.0000006250 0.0000000000 0.0000000000 357.1000000000
1749 0.0010000000 0.0008625000 0.0000000000 0.0000000000 0.0000000000 0.0000000000 1000.0000000000 0.0000006250 0.0000000000 0.0000000000 357.1000000000
1750 0.0010000000 0.0008750000 0.0000000000 0.0000000000 0.0000000000 0.0000000000 1000.0000000000 0.0000006250 0.0000000000 0.0000000000 357.1000000000
1751 0.0010000000 0.0008875000 0.0000000000 0.0000000000 0.0000000000 0.0000000000 1000.0000000000 0.0000006250 0.0000000000 0.0000000000 357.1000000000
1752 0.0010000000 0.0009000000 0.0000000000 0.0000000000 0.0000000000 0.0000000000 1000.0000000000 0.0000006250 0.0000000000 0.0000000000 357.1000000000
1753 0.0010000000 0.0009125000 0.0000000000 0.0000000000 0.0000000000 0.0000000000 1000.0000000000 0.0000006250 0.0000000000 0.0000000000 357.1000000000
1754 0.0010000000 0.0009250000 0.0000000000 0.0000000000 0.0000000000 0.0000000000 1000.0000000000 0.0000006250 0.0000000000 0.0000000000 357.1000000000
1755 0.0010000000 0.0009375000 0.0000000000 0.0000000000 0.0000000000 0.0000000000 1000.0000000000 0.0000006250 0.0000000000 0.0000000000 357.1000000000
1756 0.0010000000 0.0009500000 0.0000000000 0.0000000000 0.0000000000 0.0000000000 1000.0000000000 0.0000006250 0.0000000000 0.0000000000 357.1000000000
1757 0.0010000000 0.0009625000 0.0000000000 0.0000000000 0.0000000000 0.0000000000 1000.0000000000 0.0000006250 0.0000000000 0.0000000000 357.1000000000
1758 0.0010000000 0.0009750000 0.0000000000 0.0000000000 0.0000000000 0.0000000000 1000.0000000000 0.0000006250 0.0000000000 0.0000000000 357.1000000000
1759 0.0010000000 0.0009875000 0.0000000000 0.0000000000 0.0000000000 0.0000000000 1000.0000000000 0.0000006250 0.0000000000 0.0000000000 357.1000000000
