1760 0.0000000000 0.0010000000 0.0150000000 0.0000000000 0.0000000000 0.0000000000 1000.0000000000 0.0000006250 0.0000000000 0.0000000000 357.1000000000
1761 0.0000125000 0.0010000000 0.0150000000 0.0000000000 0.0000000000 0.0000000000 1000.0000000000 0.0000006250 0.0000000000 0.0000000000 357.1000000000
1762 0.0000250000 0.0010000000 0.0150000000 0.0000000000 0.0000000000 0.0000000000 1000.0000000000 0.0000006250 0.0000000000 0.0000000000 357.1000000000
1763 0.0000375000 0.0010000000 0.0150000000 0.0000000000 0.0000000000 0.0000000000 1000.0000000000 0.0000006250 0.0000000000 0.0000000000 357.1000000000
1764 0.0000500000 0.0010000000 0.0150000000 0.0000000000 0.0000000000 0.0000000000 1000.0000000000 0.0000006250 0.0000000000 0.0000000000 357.1000000000
1765 0.0000625000 0.0010000000 0.0150000000 0.0000000000 0.0000000000 0.0000000000 1000.0000000000 0.0000006250 0.0000000000 0.0000000000 357.1000000000
1766 0.0000750000 0.0010000000 0.0150000000 0.0000000000 0.0000000000 0.0000000000 1000.0000000000 0.0000006250 0.0000000000 0.0000000000 357.1000000000
1767 0.0000875000 0.0010000000 0.0150000000 0.0000000000 0.0000000000 0.0000000000 1000.0000000000 0.0000006250 0.0000000000 0.0000000000 357.1000000000
1768 0.0001000000 0.0010000000 0.0150000000 0.0000000000 0.0000000000 0.0000000000 1000.0000000000 0.0000006250 0.0000000000 0.0000000000 357.1000000000
1769 0.0001125000 0.0010000000 0.0150000000 0.0000000000 0.0000000000 0.0000000000 1000.0000000000 0.0000006250 0.0000000000 0.0000000000 357.1000000000
1770 0.0001250000 0.0010000000 0.0150000000 0.0000000000 0.0000000000 0.0000000000 1000.0000000000 0.0000006250 0.0000000000 0.0000000000 357.1000000000
1771 0.0001375000 0.0010000000 0.0150000000 0.0000000000 0.0000000000 0.0000000000 1000.0000000000 0.0000006250 0.0000000000 0.0000000000 357.1000000000
1772 0.0001500000 0.0010000000 0.0150000000 0.0000000000 0.0000000000 0.0000000000 1000.0000000000 0.0000006250 0.0000000000 0.0000000000 357.1000000000
1773 0.0001625000 0.0010000000 0.0150000000 0.0000000000 0.0000000000 0.0000000000 1000.0000000000 0.0000006250 0.0000000000 0.0000000000 357.1000000000
1774 0.0001750000 0.0010000000 0.0150000000 0.0000000000 0.0000000000 0.0000000000 1000.0000000000 0.0000006250 0.0000000000 0.0000000000 357.1000000000
1775 0.0001875000 0.0010000000 0.0150000000 0.0000000000 0.0000000000 0.0000000000 1000.0000000000 0.0000006250 0.0000000000 0.0000000000 357.1000000000
1776 0.0002000000 0.0010000000 0.0150000000 0.0000000000 0.0000000000 0.0000000000 1000.0000000000 0.0000006250 0.0000000000 0.0000000000 357.1000000000
1777 0.0002125000 0.0010000000 0.0150000000 0.0000000000 0.0000000000 0.0000000000 1000.0000000000 0.0000006250 0.0000000000 0.0000000000 357.1000000000
1778 0.0002250000 0.0010000000 0.0150000000 0.0000000000 0.0000000000 0.0000000000 1000.0000000000 0.0000006250 0.0000000000 0.0000000000 357.1000000000
1779 0.0002375000 0.0010000000 0.0150000000 0.0000000000 0.0000000000 0.0000000000 1000.0000000000 0.0000006250 0.0000000000 0.0000000000 357.1000000000
1780 0.0002500000 0.0010000000 0.0150000000 0.0000000000 0.0000000000 0.0000000000 1000.0000000000 0.0000006250 0.0000000000 0.0000000000 357.1000000000
1781 0.0002625000 0.0010000000 0.0150000000 0.0000000000 0.0000000000 0.0000000000 1000.0000000000 0.0000006250 0.0000000000 0.0000000000 357.1000000000
1782 0.0002750000 0.0010000000 0.0150000000 0.0000000000 0.0000000000 0.0000000000 1000.0000000000 0.0000006250 0.0000000000 0.0000000000 357.1000000000
1783 0.0002875000 0.0010000000 0.0150000000 0.0000000000 0.0000000000 0.0000000000 1000.0000000000 0.0000006250 0.0000000000 0.0000000000 357.1000000000
1784 0.0003000000 0.0010000000 0.0150000000 0.0000000000 0.0000000000 0.0000000000 1000.0000000000 0.0000006250 0.0000000000 0.0000000000 357.1000000000
1785 0.0003125000 0.0010000000 0.0150000000 0.0000000000 0.0000000000 0.0000000000 1000.0000000000 0.0000006250 0.0000000000 0.0000000000 357.1000000000
1786 0.0003250000 0.0010000000 0.0150000000 0.0000000000 0.0000000000 0.0000000000 1000.0000000000 0.0000006250 0.0000000000 0.0000000000 357.1000000000
1787 0.0003375000 0.0010000000 0.0150000000 0.0000000000 0.0000000000 0.0000000000 1000.0000000000 0.0000006250 0.0000000000 0.0000000000 357.1000000000
1788 0.0003500000 0.0010000000 0.0150000000 0.0000000000 0.0000000000 0.0000000000 1000.0000000000 0.0000006250 0.0000000000 0.0000000000 357.1000000000
1789 0.0003625000 0.0010000000 0.0150000000 0.0000000000 0.0000000000 0.0000000000 1000.0000000000 0.0000006250 0.0000000000 0.0000000000 357.1000000000
1790 0.0003750000 0.0010000000 0.0150000000 0.0000000000 0.0000000000 0.0000000000 1000.0000000000 0.0000006250 0.0000000000 0.0000000000 357.1000000000
1791 0.0003875000 0.0010000000 0.0150000000 0.0000000000 0.0000000000 0.0000000000 1000.0000000000 0.0000006250 0.0000000000 0.0000000000 357.1000000000
1792 0.0004000000 0.0010000000 0.0150000000 0.0000000000 0.0000000000 0.0000000000 1000.0000000000 0.0000006250 0.0000000000 0.0000000000 357.1000000000
1793 0.0004125000 0.0010000000 0.0150000000 0.0000000000 0.0000000000 0.0000000000 1000.0000000000 0.0000006250 0.0000000000 0.0000000000 357.1000000000
1794 0.0004250000 0.0010000000 0.0150000000 0.0000000000 0.0000000000 0.0000000000 1000.0000000000 0.0000006250 0.0000000000 0.0000000000 357.1000000000
1795 0.0004375000 0.0010000000 0.0150000000 0.0000000000 0.0000000000 0.0000000000 1000.0000000000 0.0000006250 0.0000000000 0.0000000000 357.1000000000
1796 0.0004500000 0.0010000000 0.0150000000 0.0000000000 0.0000000000 0.0000000000 1000.0000000000 0.0000006250 0.0000000000 0.0000000000 357.1000000000
1797 0.0004625000 0.0010000000 0.0150000000 0.0000000000 0.0000000000 0.0000000000 1000.0000000000 0.0000006250 0.0000000000 0.0000000000 357.1000000000
1798 0.0004750000 0.0010000000 0.0150000000 0.0000000000 0.0000000000 0.0000000000 1000.0000000000 0.0000006250 0.0000000000 0.0000000000 357.1000000000
1799 0.0004875000 0.0010000000 0.0150000000 0.0000000000 0.0000000000 0.0000000000 1000.0000000000 0.0000006250 0.0000000000 0.0000000000 357.1000000000
1800 0.0005000000 0.0010000000 0.0150000000 0.0000000000 0.0000000000 0.0000000000 1000.0000000000 0.0000006250 0.0000000000 0.0000000000 357.1000000000
1801 0.0005125000 0.0010000000 0.0150000000 0.0000000000 0.0000000000 0.0000000000 1000.0000000000 0.0000006250 0.0000000000 0.0000000000 357.1000000000
1802 0.0005250000 0.0010000000 0.0150000000 0.0000000000 0.0000000000 0.0000000000 1000.0000000000 0.0000006250 0.0000000000 0.0000000000 357.1000000000
1803 0.0005375000 0.0010000000 0.0150000000 0.0000000000 0.0000000000 0.0000000000 1000.0000000000 0.0000006250 0.0000000000 0.0000000000 357.1000000000
1804 0.0005500000 0.0010000000 0.0150000000 0.0000000000 0.0000000000 0.0000000000 1000.0000000000 0.0000006250 0.0000000000 0.0000000000 357.1000000000
1805 0.0005625000 0.0010000000 0.0150000000 0.0000000000 0.0000000000 0.0000000000 1000.0000000000 0.0000006250 0.0000000000 0.0000000000 357.1000000000
1806 0.0005750000 0.0010000000 0.0150000000 0.0000000000 0.0000000000 0.0000000000 1000.0000000000 0.0000006250 0.0000000000 0.0000000000 357.1000000000
1807 0.0005875000 0.0010000000 0.0150000000 0.0000000000 0.0000000000 0.0000000000 1000.0000000000 0.0000006250 0.0000000000 0.0000000000 357.1000000000
1808 0.0006000000 0.0010000000 0.0150000000 0.0000000000 0.0000000000 0.0000000000 1000.0000000000 0.0000006250 0.0000000000 0.0000000000 357.1000000000
1809 0.0006125000 0.0010000000 0.0150000000 0.0000000000 0.0000000000 0.0000000000 1000.0000000000 0.0000006250 0.0000000000 0.0000000000 357.1000000000
1810 0.0006250000 0.0010000000 0.0150000000 0.0000000000 0.0000000000 0.0000000000 1000.0000000000 0.0000006250 0.0000000000 0.0000000000 357.1000000000
1811 0.0006375000 0.0010000000 0.0150000000 0.0000000000 0.0000000000 0.0000000000 1000.0000000000 0.0000006250 0.0000000000 0.0000000000 357.1000000000
1812 0.0006500000 0.0010000000 0.0150000000 0.0000000000 0.0000000000 0.0000000000 1000.0000000000 0.0000006250 0.0000000000 0.0000000000 357.1000000000
1813 0.0006625000 0.0010000000 0.0150000000 0.0000000000 0.0000000000 0.0000000000 1000.0000000000 0.0000006250 0.0000000000 0.0000000000 357.1000000000
1814 0.0006750000 0.0010000000 0.0150000000 0.0000000000 0.0000000000 0.0000000000 1000.0000000000 0.0000006250 0.0000000000 0.0000000000 357.1000000000
1815 0.0006875000 0.0010000000 0.0150000000 0.0000000000 0.0000000000 0.0000000000 1000.0000000000 0.0000006250 0.0000000000 0.0000000000 357.1000000000
1816 0.0007000000 0.0010000000 0.0150000000 0.0000000000 0.0000000000 0.0000000000 1000.0000000000 0.0000006250 0.0000000000 0.0000000000 357.1000000000
1817 0.0007125000 0.0010000000 0.0150000000 0.0000000000 0.0000000000 0.0000000000 1000.0000000000 0.0000006250 0.0000000000 0.0000000000 357.1000000000
1818 0.0007250000 0.0010000000 0.0150000000 0.0000000000 0.0000000000 0.0000000000 1000.0000000000 0.0000006250 0.0000000000 0.0000000000 357.1000000000
1819 0.0007375000 0.0010000000 0.0150000000 0.0000000000 0.0000000000 0.0000000000 1000.0000000000 0.0000006250 0.0000000000 0.0000000000 357.1000000000
1820 0.0007500000 0.0010000000 0.0150000000 0.0000000000 0.0000000000 0.0000000000 1000.0000000000 0.0000006250 0.0000000000 0.0000000000 357.1000000000
1821 0.0007625000 0.0010000000 0.0150000000 0.0000000000 0.0000000000 0.0000000000 1000.0000000000 0.0000006250 0.0000000000 0.0000000000 357.1000000000
1822 0.0007750000 0.0010000000 0.0150000000 0.0000000000 0.0000000000 0.0000000000 1000.0000000000 0.0000006250 0.0000000000 0.0000000000 357.1000000000
1823 0.0007875000 0.0010000000 0.0150000000 0.0000000000 0.0000000000 0.0000000000 1000.0000000000 0.0000006250 0.0000000000 0.0000000000 357.1000000000
1824 0.0008000000 0.0010000000 0.0150000000 0.0000000000 0.0000000000 0.0000000000 1000.0000000000 0.0000006250 0.0000000000 0.0000000000 357.1000000000
1825 0.0008125000 0.0010000000 0.0150000000 0.0000000000 0.0000000000 0.0000000000 1000.0000000000 0.0000006250 0.0000000000 0.0000000000 357.1000000000
1826 0.0008250000 0.0010000000 0.0150000000 0.0000000000 0.0000000000 0.0000000000 1000.0000000000 0.0000006250 0.0000000000 0.0000000000 357.1000000000
1827 0.0008375000 0.0010000000 0.0150000000 0.0000000000 0.0000000000 0.0000000000 1000.0000000000 0.0000006250 0.0000000000 0.0000000000 357.1000000000
1828 0.0008500000 0.0010000000 0.0150000000 0.0000000000 0.0000000000 0.0000000000 1000.0000000000 0.0000006250 0.0000000000 0.0000000000 357.1000000000
1829 0.0008625000 0.0010000000 0.0150000000 0.0000000000 0.0000000000 0.0000000000 1000.0000000000 0.0000006250 0.0000000000 0.0000000000 357.1000000000
1830 0.0008750000 0.0010000000 0.0150000000 0.0000000000 0.0000000000 0.0000000000 1000.0000000000 0.0000006250 0.0000000000 0.0000000000 357.1000000000
1831 0.0008875000 0.0010000000 0.0150000000 0.0000000000 0.0000000000 0.0000000000 1000.0000000000 0.0000006250 0.0000000000 0.0000000000 357.1000000000
1832 0.0009000000 0.0010000000 0.0150000000 0.0000000000 0.0000000000 0.0000000000 1000.0000000000 0.0000006250 0.0000000000 0.0000000000 357.1000000000
1833 0.0009125000 0.0010000000 0.0150000000 0.0000000000 0.0000000000 0.0000000000 1000.0000000000 0.0000006250 0.0000000000 0.0000000000 357.1000000000
1834 0.0009250000 0.0010000000 0.0150000000 0.0000000000 0.0000000000 0.0000000000 1000.0000000000 0.0000006250 0.0000000000 0.0000000000 357.1000000000
1835 0.0009375000 0.0010000000 0.0150000000 0.0000000000 0.0000000000 0.0000000000 1000.0000000000 0.0000006250 0.0000000000 0.0000000000 357.1000000000
1836 0.0009500000 0.0010000000 0.0150000000 0.0000000000 0.0000000000 0.0000000000 1000.0000000000 0.0000006250 0.0000000000 0.0000000000 357.1000000000
1837 0.0009625000 0.0010000000 0.0150000000 0.0000000000 0.0000000000 0.0000000000 1000.0000000000 0.0000006250 0.0000000000 0.0000000000 357.1000000000
1838 0.0009750000 0.0010000000 0.0150000000 0.0000000000 0.0000000000 0.0000000000 1000.0000000000 0.0000006250 0.0000000000 0.0000000000 357.1000000000
1839 0.0009875000 0.0010000000 0.0150000000 0.0000000000 0.0000000000 0.0000000000 1000.0000000000 0.0000006250 0.0000000000 0.0000000000 357.1000000000
1840 0.0010000000 0.0010000000 0.0150000000 0.0000000000 0.0000000000 0.0000000000 1000.0000000000 0.0000006250 0.0000000000 0.0000000000 357.1000000000
